<?xml version="1.0" encoding="UTF-8"?>
<testng-results skipped="0" failed="0" ignored="0" total="1" passed="1">
  <reporter-output>
  </reporter-output>
  <suite name="Default suite" duration-ms="34726" started-at="2019-09-01T07:16:41Z" finished-at="2019-09-01T07:17:15Z">
    <groups>
    </groups>
    <test name="Default test" duration-ms="34726" started-at="2019-09-01T07:16:41Z" finished-at="2019-09-01T07:17:15Z">
      <class name="com.testcases.LoginTestpwc">
        <test-method status="PASS" signature="loginApp()[pri:0, instance:com.testcases.LoginTestpwc@3532ec19]" name="loginApp" duration-ms="34710" started-at="2019-09-01T07:16:41Z" finished-at="2019-09-01T07:17:15Z">
          <reporter-output>
          </reporter-output>
        </test-method> <!-- loginApp -->
      </class> <!-- com.testcases.LoginTestpwc -->
    </test> <!-- Default test -->
  </suite> <!-- Default suite -->
</testng-results>
