<?xml version="1.0" encoding="UTF-8"?>
<testng-results skipped="0" failed="0" ignored="0" total="1" passed="1">
  <reporter-output>
  </reporter-output>
  <suite name="Default suite" duration-ms="28426" started-at="2019-09-02T19:22:18Z" finished-at="2019-09-02T19:22:46Z">
    <groups>
    </groups>
    <test name="Default test" duration-ms="28426" started-at="2019-09-02T19:22:18Z" finished-at="2019-09-02T19:22:46Z">
      <class name="com.testcases.LoginTestpwc">
        <test-method status="PASS" signature="setUpSuite()[pri:0, instance:com.testcases.LoginTestpwc@91161c7]" name="setUpSuite" is-config="true" duration-ms="578" started-at="2019-09-02T19:22:17Z" finished-at="2019-09-02T19:22:18Z">
          <reporter-output>
          </reporter-output>
        </test-method> <!-- setUpSuite -->
        <test-method status="PASS" signature="setup()[pri:0, instance:com.testcases.LoginTestpwc@91161c7]" name="setup" is-config="true" duration-ms="9566" started-at="2019-09-02T19:22:18Z" finished-at="2019-09-02T19:22:27Z">
          <reporter-output>
          </reporter-output>
        </test-method> <!-- setup -->
        <test-method status="PASS" signature="loginApp()[pri:0, instance:com.testcases.LoginTestpwc@91161c7]" name="loginApp" duration-ms="18106" started-at="2019-09-02T19:22:27Z" finished-at="2019-09-02T19:22:46Z">
          <reporter-output>
          </reporter-output>
        </test-method> <!-- loginApp -->
        <test-method status="PASS" signature="closeBrowser()[pri:0, instance:com.testcases.LoginTestpwc@91161c7]" name="closeBrowser" is-config="true" duration-ms="727" started-at="2019-09-02T19:22:46Z" finished-at="2019-09-02T19:22:46Z">
          <reporter-output>
          </reporter-output>
        </test-method> <!-- closeBrowser -->
      </class> <!-- com.testcases.LoginTestpwc -->
    </test> <!-- Default test -->
  </suite> <!-- Default suite -->
</testng-results>
