<?xml version="1.0" encoding="UTF-8"?>
<!-- Generated by org.testng.reporters.JUnitXMLReporter -->
<testsuite hostname="LAPTOP-LM205E0I" ignored="0" name="Test" tests="1" failures="1" timestamp="02 Sep 2019 18:27:44 GMT" time="13.404" errors="0">
  <testcase name="loginApp" time="2.463" classname="com.testcases.LoginTestpwc">
    <failure type="java.lang.NullPointerException">
      <![CDATA[java.lang.NullPointerException
at org.openqa.selenium.support.pagefactory.DefaultElementLocator.findElement(DefaultElementLocator.java:69)
at org.openqa.selenium.support.pagefactory.internal.LocatingElementHandler.invoke(LocatingElementHandler.java:38)
at com.sun.proxy.$Proxy9.sendKeys(Unknown Source)
at com.pages.LoginPage.loginToPwC(LoginPage.java:28)
at com.testcases.LoginTestpwc.loginApp(LoginTestpwc.java:25)
... Removed 25 stack frames]]>
    </failure>
  </testcase> <!-- loginApp -->
</testsuite> <!-- Test -->
