<?xml version="1.0" encoding="UTF-8"?>
<testng-results skipped="0" failed="0" total="1" passed="1">
  <reporter-output>
  </reporter-output>
  <suite name="Suite" duration-ms="13143" started-at="2019-09-01T07:20:39Z" finished-at="2019-09-01T07:20:52Z">
    <groups>
    </groups>
    <test name="Test" duration-ms="13143" started-at="2019-09-01T07:20:39Z" finished-at="2019-09-01T07:20:52Z">
      <class name="com.testcases.LoginTestpwc">
        <test-method status="PASS" signature="loginApp()[pri:0, instance:com.testcases.LoginTestpwc@62043840]" name="loginApp" duration-ms="13127" started-at="2019-09-01T12:50:39Z" finished-at="2019-09-01T12:50:52Z">
          <reporter-output>
          </reporter-output>
        </test-method> <!-- loginApp -->
      </class> <!-- com.testcases.LoginTestpwc -->
    </test> <!-- Test -->
  </suite> <!-- Suite -->
</testng-results>
